<?xml version="1.0" encoding="UTF-8"?>
<testsuite name="MinesweeperTest" tests="1" skipped="0" failures="0" errors="0" timestamp="2020-08-31T17:22:47" hostname="Annas-MBP.lan" time="0.07">
  <properties/>
  <testcase name="start" classname="MinesweeperTest" time="0.07"/>
  <system-out><![CDATA[?[1;31m
Start test 1?[0m
..X..XXXX
...XX...X
.....X.X.
.X.XXXXXX
X..X.....
XX.X.X.XX
X......X.
X..X..X.X
X.XX.X..X

]]></system-out>
  <system-err><![CDATA[]]></system-err>
</testsuite>
